Using pre-set license
Built from '2022.3/staging' branch; Version is '2022.3.9f1 (ea401c316338) revision 15351836'; Using compiler version '192829333'; Build Type 'Release'
OS: 'Windows 11  (10.0.26100) 64bit Education' Language: 'en' Physical Memory: 16072 MB
BatchMode: 1, IsHumanControllingUs: 0, StartBugReporterOnCrash: 0, Is64bit: 1, IsPro: 1

COMMAND LINE ARGUMENTS:
C:\Program Files\Unity\Hub\Editor\2022.3.9f1\Editor\Unity.exe
-adb2
-batchMode
-noUpm
-name
AssetImportWorker0
-projectPath
D:/Partiles/Particle_Systems-Sven-Kelley
-logFile
Logs/AssetImportWorker0.log
-srvPort
52320
Successfully changed project path to: D:/Partiles/Particle_Systems-Sven-Kelley
D:/Partiles/Particle_Systems-Sven-Kelley
[UnityMemory] Configuration Parameters - Can be set up in boot.config
    "memorysetup-bucket-allocator-granularity=16"
    "memorysetup-bucket-allocator-bucket-count=8"
    "memorysetup-bucket-allocator-block-size=33554432"
    "memorysetup-bucket-allocator-block-count=8"
    "memorysetup-main-allocator-block-size=16777216"
    "memorysetup-thread-allocator-block-size=16777216"
    "memorysetup-gfx-main-allocator-block-size=16777216"
    "memorysetup-gfx-thread-allocator-block-size=16777216"
    "memorysetup-cache-allocator-block-size=4194304"
    "memorysetup-typetree-allocator-block-size=2097152"
    "memorysetup-profiler-bucket-allocator-granularity=16"
    "memorysetup-profiler-bucket-allocator-bucket-count=8"
    "memorysetup-profiler-bucket-allocator-block-size=33554432"
    "memorysetup-profiler-bucket-allocator-block-count=8"
    "memorysetup-profiler-allocator-block-size=16777216"
    "memorysetup-profiler-editor-allocator-block-size=1048576"
    "memorysetup-temp-allocator-size-main=16777216"
    "memorysetup-job-temp-allocator-block-size=2097152"
    "memorysetup-job-temp-allocator-block-size-background=1048576"
    "memorysetup-job-temp-allocator-reduction-small-platforms=262144"
    "memorysetup-allocator-temp-initial-block-size-main=262144"
    "memorysetup-allocator-temp-initial-block-size-worker=262144"
    "memorysetup-temp-allocator-size-background-worker=32768"
    "memorysetup-temp-allocator-size-job-worker=262144"
    "memorysetup-temp-allocator-size-preload-manager=33554432"
    "memorysetup-temp-allocator-size-nav-mesh-worker=65536"
    "memorysetup-temp-allocator-size-audio-worker=65536"
    "memorysetup-temp-allocator-size-cloud-worker=32768"
    "memorysetup-temp-allocator-size-gi-baking-worker=262144"
    "memorysetup-temp-allocator-size-gfx=262144"
Player connection [14040] Host "[IP] 10.1.21.21 [Port] 0 [Flags] 2 [Guid] 2287628567 [EditorId] 2287628567 [Version] 1048832 [Id] WindowsEditor(7,23HS11116) [Debug] 1 [PackageName] WindowsEditor [ProjectName] Editor" joined multi-casting on [225.0.0.222:54997]...

Player connection [14040] Host "[IP] 10.1.21.21 [Port] 0 [Flags] 2 [Guid] 2287628567 [EditorId] 2287628567 [Version] 1048832 [Id] WindowsEditor(7,23HS11116) [Debug] 1 [PackageName] WindowsEditor [ProjectName] Editor" joined alternative multi-casting on [225.0.0.222:34997]...

[Physics::Module] Initialized MultithreadedJobDispatcher with 19 workers.
Refreshing native plugins compatible for Editor in 3.39 ms, found 2 plugins.
Preloading 0 native plugins for Editor in 0.00 ms.
Initialize engine version: 2022.3.9f1 (ea401c316338)
[Subsystems] Discovering subsystems at path C:/Program Files/Unity/Hub/Editor/2022.3.9f1/Editor/Data/Resources/UnitySubsystems
[Subsystems] Discovering subsystems at path D:/Partiles/Particle_Systems-Sven-Kelley/Assets
GfxDevice: creating device client; threaded=0; jobified=0
Direct3D:
    Version:  Direct3D 11.0 [level 11.1]
    Renderer: Intel(R) UHD Graphics 770 (ID=0x4680)
    Vendor:   Intel
    VRAM:     8036 MB
    Driver:   32.0.101.6078
Initialize mono
Mono path[0] = 'C:/Program Files/Unity/Hub/Editor/2022.3.9f1/Editor/Data/Managed'
Mono path[1] = 'C:/Program Files/Unity/Hub/Editor/2022.3.9f1/Editor/Data/MonoBleedingEdge/lib/mono/unityjit-win32'
Mono config path = 'C:/Program Files/Unity/Hub/Editor/2022.3.9f1/Editor/Data/MonoBleedingEdge/etc'
Using monoOptions --debugger-agent=transport=dt_socket,embedding=1,server=y,suspend=n,address=127.0.0.1:56624
Begin MonoManager ReloadAssembly
Registering precompiled unity dll's ...
Register platform support module: C:/Program Files/Unity/Hub/Editor/2022.3.9f1/Editor/Data/PlaybackEngines/WebGLSupport/UnityEditor.WebGL.Extensions.dll
Register platform support module: C:/Program Files/Unity/Hub/Editor/2022.3.9f1/Editor/Data/PlaybackEngines/WindowsStandaloneSupport/UnityEditor.WindowsStandalone.Extensions.dll
Registered in 0.007269 seconds.
- Loaded All Assemblies, in  0.268 seconds
Native extension for WindowsStandalone target not found
Native extension for WebGL target not found
Mono: successfully reloaded assembly
- Finished resetting the current domain, in  0.199 seconds
Domain Reload Profiling: 466ms
	BeginReloadAssembly (85ms)
		ExecutionOrderSort (0ms)
		DisableScriptedObjects (0ms)
		BackupInstance (0ms)
		ReleaseScriptingObjects (0ms)
		CreateAndSetChildDomain (1ms)
	RebuildCommonClasses (24ms)
	RebuildNativeTypeToScriptingClass (7ms)
	initialDomainReloadingComplete (47ms)
	LoadAllAssembliesAndSetupDomain (103ms)
		LoadAssemblies (84ms)
		RebuildTransferFunctionScriptingTraits (0ms)
		AnalyzeDomain (101ms)
			TypeCache.Refresh (99ms)
				TypeCache.ScanAssembly (89ms)
			ScanForSourceGeneratedMonoScriptInfo (0ms)
			ResolveRequiredComponents (0ms)
	FinalizeReload (200ms)
		ReleaseScriptCaches (0ms)
		RebuildScriptCaches (0ms)
		SetupLoadedEditorAssemblies (154ms)
			LogAssemblyErrors (0ms)
			InitializePlatformSupportModulesInManaged (7ms)
			SetLoadedEditorAssemblies (4ms)
			RefreshPlugins (0ms)
			BeforeProcessingInitializeOnLoad (2ms)
			ProcessInitializeOnLoadAttributes (93ms)
			ProcessInitializeOnLoadMethodAttributes (48ms)
			AfterProcessingInitializeOnLoad (0ms)
			EditorAssembliesLoaded (0ms)
		ExecutionOrderSort2 (0ms)
		AwakeInstancesAfterBackupRestoration (0ms)
========================================================================
Worker process is ready to serve import requests
Begin MonoManager ReloadAssembly
- Loaded All Assemblies, in  0.382 seconds
Refreshing native plugins compatible for Editor in 0.96 ms, found 2 plugins.
Native extension for WindowsStandalone target not found
Native extension for WebGL target not found
Package Manager log level set to [2]
[Package Manager] Server::EnsureServerProcessIsRunning -- launch failed, reason: Unity was launched with the -noUpm command-line argument
[Package Manager] UpmClient::Send -- Unable to send message (not connected to UPM process).
[Package Manager] Cannot connect to Unity Package Manager local server
Mono: successfully reloaded assembly
- Finished resetting the current domain, in  0.378 seconds
Domain Reload Profiling: 759ms
	BeginReloadAssembly (123ms)
		ExecutionOrderSort (0ms)
		DisableScriptedObjects (4ms)
		BackupInstance (0ms)
		ReleaseScriptingObjects (0ms)
		CreateAndSetChildDomain (18ms)
	RebuildCommonClasses (23ms)
	RebuildNativeTypeToScriptingClass (7ms)
	initialDomainReloadingComplete (30ms)
	LoadAllAssembliesAndSetupDomain (198ms)
		LoadAssemblies (203ms)
		RebuildTransferFunctionScriptingTraits (0ms)
		AnalyzeDomain (59ms)
			TypeCache.Refresh (50ms)
				TypeCache.ScanAssembly (41ms)
			ScanForSourceGeneratedMonoScriptInfo (6ms)
			ResolveRequiredComponents (2ms)
	FinalizeReload (378ms)
		ReleaseScriptCaches (0ms)
		RebuildScriptCaches (0ms)
		SetupLoadedEditorAssemblies (278ms)
			LogAssemblyErrors (0ms)
			InitializePlatformSupportModulesInManaged (5ms)
			SetLoadedEditorAssemblies (3ms)
			RefreshPlugins (0ms)
			BeforeProcessingInitializeOnLoad (40ms)
			ProcessInitializeOnLoadAttributes (210ms)
			ProcessInitializeOnLoadMethodAttributes (16ms)
			AfterProcessingInitializeOnLoad (4ms)
			EditorAssembliesLoaded (0ms)
		ExecutionOrderSort2 (0ms)
		AwakeInstancesAfterBackupRestoration (6ms)
Launched and connected shader compiler UnityShaderCompiler.exe after 0.06 seconds
Refreshing native plugins compatible for Editor in 0.82 ms, found 2 plugins.
Preloading 0 native plugins for Editor in 0.00 ms.
Unloading 1393 Unused Serialized files (Serialized files now loaded: 0)
Unloading 21 unused Assets / (53.7 KB). Loaded Objects now: 1887.
Memory consumption went from 163.9 MB to 163.9 MB.
Total: 2.490300 ms (FindLiveObjects: 0.106500 ms CreateObjectMapping: 0.028900 ms MarkObjects: 2.272800 ms  DeleteObjects: 0.081200 ms)

AssetImportParameters requested are different than current active one (requested -> active):
  custom:video-encoder-webm-vp8: eb34c28f22e8b96e1ab97ce403110664 -> 
  custom:video-decoder-webm-vp8: 9c59270c3fd7afecdb556c50c9e8de78 -> 
  custom:audio-decoder-ogg-vorbis: bf7c407c2cedff20999df2af8eb42d56 -> 
  custom:container-demuxer-ogg: 62fdf1f143b41e24485cea50d1cbac27 -> 
  custom:AudioImporter_EditorPlatform: d09bf68614088b80899f8185d706f6e7 -> 
  custom:container-demuxer-webm: 4f35f7cbe854078d1ac9338744f61a02 -> 
  custom:video-codec-MediaFoundation-h265: 746d11721c4dcdbdad8f713fa42b33f4 -> 
  custom:video-decoder-ogg-theora: a1e56fd34408186e4bbccfd4996cb3dc -> 
  custom:audio-encoder-webm-vorbis: bf7c407c2cedff20999df2af8eb42d56 -> 
  custom:framework-win-MediaFoundation: 216162199b28c13a410421893ffa2e32 -> 
  custom:container-muxer-webm: aa71ff27fc2769a1b78a27578f13a17b -> 
========================================================================
Received Import Request.
  Time since last request: 2302.664467 seconds.
  path: Assets/Scenes
  artifactKey: Guid(979153080e41747c7861a4998dc4e8f0) Importer(815301076,1909f56bfc062723c751e8b465ee728b)
Start importing Assets/Scenes using Guid(979153080e41747c7861a4998dc4e8f0) Importer(815301076,1909f56bfc062723c751e8b465ee728b)  -> (artifact id: '36c1122bdf263e01e4794547ca80d35f') in 0.001568 seconds
Number of updated asset objects reloaded before import = 0
Number of asset objects unloaded after import = 0
========================================================================
Received Import Request.
  Time since last request: 8.541499 seconds.
  path: Assets/Scenes/GarbageTruck.unity
  artifactKey: Guid(0415d49594df340bb954283ce6075585) Importer(815301076,1909f56bfc062723c751e8b465ee728b)
Start importing Assets/Scenes/GarbageTruck.unity using Guid(0415d49594df340bb954283ce6075585) Importer(815301076,1909f56bfc062723c751e8b465ee728b)  -> (artifact id: '423f3ceaa40d89f333cea18081cbd42a') in 0.000745 seconds
Number of updated asset objects reloaded before import = 0
Number of asset objects unloaded after import = 0
========================================================================
Received Import Request.
  Time since last request: 0.894524 seconds.
  path: Assets/Scenes/CityBlock.unity
  artifactKey: Guid(f33b129ab42eb466780f5049721c059b) Importer(815301076,1909f56bfc062723c751e8b465ee728b)
Start importing Assets/Scenes/CityBlock.unity using Guid(f33b129ab42eb466780f5049721c059b) Importer(815301076,1909f56bfc062723c751e8b465ee728b)  -> (artifact id: 'd2976704a5739eeafb73bf42afb578c5') in 0.000478 seconds
Number of updated asset objects reloaded before import = 0
Number of asset objects unloaded after import = 0
========================================================================
Received Import Request.
  Time since last request: 31.432644 seconds.
  path: Assets/Player/Player_Model.fbx
  artifactKey: Guid(2db7e17401e08b94697ecd7acce75ab1) Importer(815301076,1909f56bfc062723c751e8b465ee728b)
Start importing Assets/Player/Player_Model.fbx using Guid(2db7e17401e08b94697ecd7acce75ab1) Importer(815301076,1909f56bfc062723c751e8b465ee728b)  -> (artifact id: '4d2bdc7c147e8072f0a5c8ffff3febaf') in 0.252250 seconds
Number of updated asset objects reloaded before import = 0
Number of asset objects unloaded after import = 130
========================================================================
Received Import Request.
  Time since last request: 1.958771 seconds.
  path: Assets/Garbage Truck
  artifactKey: Guid(4532a15d1402145408891e7a725b0e92) Importer(815301076,1909f56bfc062723c751e8b465ee728b)
Start importing Assets/Garbage Truck using Guid(4532a15d1402145408891e7a725b0e92) Importer(815301076,1909f56bfc062723c751e8b465ee728b)  -> (artifact id: '1624151e37c7356a4f3142a16264e951') in 0.000499 seconds
Number of updated asset objects reloaded before import = 0
Number of asset objects unloaded after import = 0
========================================================================
Received Import Request.
  Time since last request: 1.129936 seconds.
  path: Assets/Landscape
  artifactKey: Guid(ce86ca1c537da40a081ae89c7c916f97) Importer(815301076,1909f56bfc062723c751e8b465ee728b)
Start importing Assets/Landscape using Guid(ce86ca1c537da40a081ae89c7c916f97) Importer(815301076,1909f56bfc062723c751e8b465ee728b)  -> (artifact id: '8ed99f47f11c3cec7f99e0474b15f51b') in 0.000395 seconds
Number of updated asset objects reloaded before import = 0
Number of asset objects unloaded after import = 0
========================================================================
Received Import Request.
  Time since last request: 0.792655 seconds.
  path: Assets/Player
  artifactKey: Guid(f6ba9269032854c669dc8acd1e57888e) Importer(815301076,1909f56bfc062723c751e8b465ee728b)
Start importing Assets/Player using Guid(f6ba9269032854c669dc8acd1e57888e) Importer(815301076,1909f56bfc062723c751e8b465ee728b)  -> (artifact id: '1b19d6273cd94559cc83b16a32dcfaf7') in 0.000539 seconds
Number of updated asset objects reloaded before import = 0
Number of asset objects unloaded after import = 0
========================================================================
Received Prepare
Refreshing native plugins compatible for Editor in 0.91 ms, found 2 plugins.
Preloading 0 native plugins for Editor in 0.00 ms.
Unloading 0 Unused Serialized files (Serialized files now loaded: 0)
Unloading 1 unused Assets / (0.8 KB). Loaded Objects now: 1900.
Memory consumption went from 147.5 MB to 147.5 MB.
Total: 2.672900 ms (FindLiveObjects: 0.096100 ms CreateObjectMapping: 0.024500 ms MarkObjects: 2.537300 ms  DeleteObjects: 0.014500 ms)

Prepare: number of updated asset objects reloaded= 0
AssetImportParameters requested are different than current active one (requested -> active):
  custom:video-encoder-webm-vp8: eb34c28f22e8b96e1ab97ce403110664 -> 
  custom:video-decoder-webm-vp8: 9c59270c3fd7afecdb556c50c9e8de78 -> 
  custom:audio-decoder-ogg-vorbis: bf7c407c2cedff20999df2af8eb42d56 -> 
  custom:SearchIndexIgnoredProperties: e643bd26f0fe6173181afceb89e7c659 -> 
  custom:container-demuxer-ogg: 62fdf1f143b41e24485cea50d1cbac27 -> 
  custom:AudioImporter_EditorPlatform: d09bf68614088b80899f8185d706f6e7 -> 
  custom:CustomObjectIndexerAttribute: 756ad292c208cfabdd7b50bc23989ffe -> 
  custom:container-demuxer-webm: 4f35f7cbe854078d1ac9338744f61a02 -> 
  custom:video-codec-MediaFoundation-h265: 746d11721c4dcdbdad8f713fa42b33f4 -> 
  custom:video-decoder-ogg-theora: a1e56fd34408186e4bbccfd4996cb3dc -> 
  custom:audio-encoder-webm-vorbis: bf7c407c2cedff20999df2af8eb42d56 -> 
  custom:framework-win-MediaFoundation: 216162199b28c13a410421893ffa2e32 -> 
  custom:container-muxer-webm: aa71ff27fc2769a1b78a27578f13a17b -> 
========================================================================
Received Import Request.
  Time since last request: 358.956157 seconds.
  path: Assets/Player/Materials/skaterFemaleA.mat
  artifactKey: Guid(e7c2fa8d0af574994ba78d0b067cdec1) Importer(815301076,1909f56bfc062723c751e8b465ee728b)
Start importing Assets/Player/Materials/skaterFemaleA.mat using Guid(e7c2fa8d0af574994ba78d0b067cdec1) Importer(815301076,1909f56bfc062723c751e8b465ee728b)  -> (artifact id: '2b7d864146712a682e2599151ae5a6fa') in 0.054718 seconds
Number of updated asset objects reloaded before import = 0
Number of asset objects unloaded after import = 2
========================================================================
Received Import Request.
  Time since last request: 0.000026 seconds.
  path: Assets/SimpleTownLite/_Materials/Vehicle_PizzaCar.mat
  artifactKey: Guid(1796c8003b9a4444180197d18eabd829) Importer(815301076,1909f56bfc062723c751e8b465ee728b)
Start importing Assets/SimpleTownLite/_Materials/Vehicle_PizzaCar.mat using Guid(1796c8003b9a4444180197d18eabd829) Importer(815301076,1909f56bfc062723c751e8b465ee728b)  -> (artifact id: '64fb08863de1637a9dbf864b68b1e3a5') in 0.091195 seconds
Number of updated asset objects reloaded before import = 0
Number of asset objects unloaded after import = 2
========================================================================
Received Import Request.
  Time since last request: 0.000111 seconds.
  path: Assets/SimpleTownLite/_Materials/SimpleTownLite_Road.mat
  artifactKey: Guid(2191478c1f641c245b4fe9449817a0b7) Importer(815301076,1909f56bfc062723c751e8b465ee728b)
Start importing Assets/SimpleTownLite/_Materials/SimpleTownLite_Road.mat using Guid(2191478c1f641c245b4fe9449817a0b7) Importer(815301076,1909f56bfc062723c751e8b465ee728b)  -> (artifact id: '135fc92481addba469b8c5d120caa4aa') in 0.031306 seconds
Number of updated asset objects reloaded before import = 0
Number of asset objects unloaded after import = 2
========================================================================
Received Import Request.
  Time since last request: 0.000091 seconds.
  path: Assets/SimpleTownLite/_Materials/SimpleTownLite_Billboard.mat
  artifactKey: Guid(219967ce9dc9a8f4d9ab8a7d1d14cf9d) Importer(815301076,1909f56bfc062723c751e8b465ee728b)
Start importing Assets/SimpleTownLite/_Materials/SimpleTownLite_Billboard.mat using Guid(219967ce9dc9a8f4d9ab8a7d1d14cf9d) Importer(815301076,1909f56bfc062723c751e8b465ee728b)  -> (artifact id: '80a9c4d141f17fce0b6f1857fcbf73b0') in 0.042466 seconds
Number of updated asset objects reloaded before import = 0
Number of asset objects unloaded after import = 2
========================================================================
Received Import Request.
  Time since last request: 0.000020 seconds.
  path: Assets/Landscape/Materials/Low_Poly_Mat_Variant1.mat
  artifactKey: Guid(9b72e6fbb8e97094396e14960b5c42a9) Importer(815301076,1909f56bfc062723c751e8b465ee728b)
Start importing Assets/Landscape/Materials/Low_Poly_Mat_Variant1.mat using Guid(9b72e6fbb8e97094396e14960b5c42a9) Importer(815301076,1909f56bfc062723c751e8b465ee728b)  -> (artifact id: 'dc45e72faf9afeadd3985f485e9b004b') in 0.041731 seconds
Number of updated asset objects reloaded before import = 0
Number of asset objects unloaded after import = 2
========================================================================
Received Import Request.
  Time since last request: 0.000016 seconds.
  path: Assets/SimpleTownLite/_Materials/Props_Street.mat
  artifactKey: Guid(3e979b3745b4a024bbbd5806d425fa75) Importer(815301076,1909f56bfc062723c751e8b465ee728b)
Start importing Assets/SimpleTownLite/_Materials/Props_Street.mat using Guid(3e979b3745b4a024bbbd5806d425fa75) Importer(815301076,1909f56bfc062723c751e8b465ee728b)  -> (artifact id: '29d74db4f05f25bbcbdbdf2b85ba8e49') in 0.027543 seconds
Number of updated asset objects reloaded before import = 0
Number of asset objects unloaded after import = 2
========================================================================
Received Import Request.
  Time since last request: 0.071088 seconds.
  path: Assets/Landscape/Materials/Grass.mat
  artifactKey: Guid(240e05a8bd75c4b44978cec5eeda76f0) Importer(815301076,1909f56bfc062723c751e8b465ee728b)
Start importing Assets/Landscape/Materials/Grass.mat using Guid(240e05a8bd75c4b44978cec5eeda76f0) Importer(815301076,1909f56bfc062723c751e8b465ee728b)  -> (artifact id: '8b6bbf651743aa011ba8f0b49cc6b433') in 0.048474 seconds
Number of updated asset objects reloaded before import = 0
Number of asset objects unloaded after import = 1
========================================================================
Received Import Request.
  Time since last request: 0.000014 seconds.
  path: Assets/Chests/Materials/Keyhole.mat
  artifactKey: Guid(848864bbd6f16404d9f4c2583f675e3f) Importer(815301076,1909f56bfc062723c751e8b465ee728b)
Start importing Assets/Chests/Materials/Keyhole.mat using Guid(848864bbd6f16404d9f4c2583f675e3f) Importer(815301076,1909f56bfc062723c751e8b465ee728b)  -> (artifact id: 'dec081a5dff0b89baf5581101e693c09') in 0.047064 seconds
Number of updated asset objects reloaded before import = 0
Number of asset objects unloaded after import = 1
========================================================================
Received Import Request.
  Time since last request: 0.000139 seconds.
  path: Assets/Garbage Truck/Materials/Head_light_effect.mat
  artifactKey: Guid(8a417926baf1212478be3e4e781c365d) Importer(815301076,1909f56bfc062723c751e8b465ee728b)
Start importing Assets/Garbage Truck/Materials/Head_light_effect.mat using Guid(8a417926baf1212478be3e4e781c365d) Importer(815301076,1909f56bfc062723c751e8b465ee728b)  -> (artifact id: 'f2f3d599eb29076b1573136582fe2345') in 0.088677 seconds
Number of updated asset objects reloaded before import = 0
Number of asset objects unloaded after import = 2
========================================================================
Received Import Request.
  Time since last request: 15.021056 seconds.
  path: Assets/Chests/Materials/Box.mat
  artifactKey: Guid(031a415c5f50fc7429a9d61b18cae75d) Importer(815301076,1909f56bfc062723c751e8b465ee728b)
Start importing Assets/Chests/Materials/Box.mat using Guid(031a415c5f50fc7429a9d61b18cae75d) Importer(815301076,1909f56bfc062723c751e8b465ee728b)  -> (artifact id: '3c075e1fb6985cb508f74298addb9979') in 0.038659 seconds
Number of updated asset objects reloaded before import = 0
Number of asset objects unloaded after import = 1
========================================================================
Received Import Request.
  Time since last request: 0.000017 seconds.
  path: Assets/SimpleTownLite/_Materials/Building_BookStore.mat
  artifactKey: Guid(4685236b0f345dc429665f84d9b64540) Importer(815301076,1909f56bfc062723c751e8b465ee728b)
Start importing Assets/SimpleTownLite/_Materials/Building_BookStore.mat using Guid(4685236b0f345dc429665f84d9b64540) Importer(815301076,1909f56bfc062723c751e8b465ee728b)  -> (artifact id: '32c1b9672103ad44ffcecad0f779b7fe') in 0.042662 seconds
Number of updated asset objects reloaded before import = 0
Number of asset objects unloaded after import = 2
========================================================================
Received Import Request.
  Time since last request: 0.000022 seconds.
  path: Assets/Gems/Materials/Collectibles 2.mat
  artifactKey: Guid(73b087a9bd7860f4ca4e130ae6cee2aa) Importer(815301076,1909f56bfc062723c751e8b465ee728b)
Start importing Assets/Gems/Materials/Collectibles 2.mat using Guid(73b087a9bd7860f4ca4e130ae6cee2aa) Importer(815301076,1909f56bfc062723c751e8b465ee728b)  -> (artifact id: '15f82ef25054b824d410ed00f2cea0c8') in 0.038321 seconds
Number of updated asset objects reloaded before import = 0
Number of asset objects unloaded after import = 2
========================================================================
Received Import Request.
  Time since last request: 0.000017 seconds.
  path: Assets/Garbage Truck/Materials/Dust.mat
  artifactKey: Guid(0f1e2c2aedaf84ddabe92dfad04eb7d4) Importer(815301076,1909f56bfc062723c751e8b465ee728b)
Start importing Assets/Garbage Truck/Materials/Dust.mat using Guid(0f1e2c2aedaf84ddabe92dfad04eb7d4) Importer(815301076,1909f56bfc062723c751e8b465ee728b)  -> (artifact id: '44b9d06297ebe482350705e784d0fe6c') in 3.099470 seconds
Number of updated asset objects reloaded before import = 0
Number of asset objects unloaded after import = 1
========================================================================
Received Import Request.
  Time since last request: 84.969724 seconds.
  path: Assets/Garbage Truck/Materials/Dust.mat
  artifactKey: Guid(0f1e2c2aedaf84ddabe92dfad04eb7d4) Importer(815301076,1909f56bfc062723c751e8b465ee728b)
Start importing Assets/Garbage Truck/Materials/Dust.mat using Guid(0f1e2c2aedaf84ddabe92dfad04eb7d4) Importer(815301076,1909f56bfc062723c751e8b465ee728b)  -> (artifact id: '29fbd2f5f54a213b717d4183c081b2a2') in 0.018216 seconds
Number of updated asset objects reloaded before import = 0
Number of asset objects unloaded after import = 1
